C51 COMPILER V9.02   DIGITALTUBE                                                           11/05/2020 22:42:02 PAGE 1   


C51 COMPILER V9.02, COMPILATION OF MODULE DIGITALTUBE
OBJECT MODULE PLACED IN DigitalTube.obj
COMPILER INVOKED BY: C:\Keil\C51\BIN\C51.EXE Hardware\DigitalTube.c BROWSE INCDIR(.\Hardware) DEBUG OBJECTEXTEND PRINT(.
                    -\DigitalTube.lst) OBJECT(DigitalTube.obj)

line level    source

   1          #include "DigitalTube.h"
   2          
   3          unsigned char code LedChar[10]={
   4                  0xC0, 0xF9, 0xA4, 0xB0, 0x99, 0x92, 0x82, 0xF8,
   5                  0x80, 0x90
   6                  };
   7          unsigned char LedBuff[2]={
   8                  0xFF, 0xFF
   9                  };
  10          
  11          void InitDigitalTube()
  12          {
  13   1          EA = 1;
  14   1              DISABLELED = 0;
  15   1              ADDR3 = 1;
  16   1              TMOD |= 0x10;
  17   1              TH1 = 0xFC;
  18   1              TL1 = 0x67;
  19   1              ET1 = 1;
  20   1              TR1 = 1;        
  21   1      }
  22          
  23          void showNumber(u8 num)
  24          {
  25   1          LedBuff[0] = LedChar[num%10];
  26   1              LedBuff[1] = LedChar[num/10%10];
  27   1      }


MODULE INFORMATION:   STATIC OVERLAYABLE
   CODE SIZE        =     48    ----
   CONSTANT SIZE    =     10    ----
   XDATA SIZE       =   ----    ----
   PDATA SIZE       =   ----    ----
   DATA SIZE        =      2    ----
   IDATA SIZE       =   ----    ----
   BIT SIZE         =   ----    ----
END OF MODULE INFORMATION.


C51 COMPILATION COMPLETE.  0 WARNING(S),  0 ERROR(S)
