C51 COMPILER V9.02   TIMECOUNTER                                                           11/05/2020 22:42:01 PAGE 1   


C51 COMPILER V9.02, COMPILATION OF MODULE TIMECOUNTER
OBJECT MODULE PLACED IN TimeCounter.obj
COMPILER INVOKED BY: C:\Keil\C51\BIN\C51.EXE Hardware\TimeCounter.c BROWSE INCDIR(.\Hardware) DEBUG OBJECTEXTEND PRINT(.
                    -\TimeCounter.lst) OBJECT(TimeCounter.obj)

line level    source

   1          #include "TimeCounter.h"
   2          
   3          u16 cnt50ms = 0; //储存经过多少个50ms
   4          
   5          void InitTimeCounter()
   6          {
   7   1          EA=1;
   8   1              TMOD |= 0x1; //设置定时器0为模式1
   9   1              cnt50ms = 0;
  10   1              TL0 = L50MS; //设置定时初值
  11   1              TH0 = H50MS;
  12   1              ET0 = 1; //使能定时器0中断
  13   1          PT0 = 1; //设置为高优先级，保证计时的准确性
  14   1      }
  15          
  16          void startTimeCounter() //打开定时器0设置溢出周期为50ms
  17          {
  18   1              TR0 = 1; //定时器0开始计时
  19   1      }
  20          
  21          void stopTimeCounter() //关闭定时器0
  22          {
  23   1              TR0 = 0;
  24   1              ET0 = 0;
  25   1      }
  26          
  27          void Timer1() interrupt 1
  28          {
  29   1              TL0 = L50MS; //设置定时初值
  30   1              TH0 = H50MS;
  31   1              ++cnt50ms;
  32   1      }


MODULE INFORMATION:   STATIC OVERLAYABLE
   CODE SIZE        =     48    ----
   CONSTANT SIZE    =   ----    ----
   XDATA SIZE       =   ----    ----
   PDATA SIZE       =   ----    ----
   DATA SIZE        =      2    ----
   IDATA SIZE       =   ----    ----
   BIT SIZE         =   ----    ----
END OF MODULE INFORMATION.


C51 COMPILATION COMPLETE.  0 WARNING(S),  0 ERROR(S)
